<?xml version="1.0" encoding="UTF-8"?>
<!-- Generated by org.testng.reporters.JUnitXMLReporter -->
<testsuite hostname="L-5WR7152" name="Default test" tests="3" failures="0" timestamp="22 Feb 2017 11:41:17 GMT" time="61.13" errors="0">
  <testcase name="testLogin" time="17.597" classname="demoTest.TestPage"/>
  <testcase name="testUsingDataProvider" time="17.406" classname="demoTest.TestPage"/>
  <testcase name="testUsingDataProvider" time="15.035" classname="demoTest.TestPage"/>
</testsuite> <!-- Default test -->
