<?xml version="1.0" encoding="UTF-8"?>
<!-- Generated by org.testng.reporters.JUnitXMLReporter -->
<testsuite hostname="L-5WR7152" name="test1" tests="6" failures="0" timestamp="22 Feb 2017 15:05:20 GMT" time="100.48" errors="0">
  <testcase name="testLogin" time="17.64" classname="demoTest.TestPage"/>
  <testcase name="testUsingDataProvider" time="14.271" classname="demoTest.TestPage"/>
  <testcase name="testUsingDataProvider" time="14.458" classname="demoTest.TestPage"/>
  <testcase name="testUsingDataProvider" time="14.572" classname="demoTest.TestPage"/>
  <testcase name="testUsingDataProvider" time="13.35" classname="demoTest.TestPage"/>
  <testcase name="testUsingDataProvider" time="13.797" classname="demoTest.TestPage"/>
</testsuite> <!-- test1 -->
