<?xml version="1.0" encoding="UTF-8"?>
<!-- Generated by org.testng.reporters.JUnitXMLReporter -->
<testsuite hostname="L-5WR7152" ignored="4" tests="0" failures="0" timestamp="23 Feb 2017 05:44:54 GMT" time="0.016" errors="0">
  <testcase name="testUsingDataProviderExcel" time="0.0" classname="demoTest.TestPage">
    <ignored/>
  </testcase> <!-- testUsingDataProviderExcel -->
  <testcase name="testLogin" time="0.0" classname="demoTest.TestPage">
    <ignored/>
  </testcase> <!-- testLogin -->
  <testcase name="testCal" time="0.0" classname="demoTest.TestPage">
    <ignored/>
  </testcase> <!-- testCal -->
  <testcase name="testUsingDataProvider" time="0.0" classname="demoTest.TestPage">
    <ignored/>
  </testcase> <!-- testUsingDataProvider -->
</testsuite>
