<?xml version="1.0" encoding="UTF-8"?>
<!-- Generated by org.testng.reporters.JUnitXMLReporter -->
<testsuite hostname="L-5WR7152" ignored="2" name="test1" tests="6" failures="0" timestamp="22 Feb 2017 15:47:55 GMT" time="88.033" errors="0">
  <testcase name="testLogin" time="13.324" classname="demoTest.TestPage"/>
  <testcase name="testUsingDataProvider" time="12.176" classname="demoTest.TestPage"/>
  <testcase name="testUsingDataProvider" time="12.682" classname="demoTest.TestPage"/>
  <testcase name="testUsingDataProvider" time="12.511" classname="demoTest.TestPage"/>
  <testcase name="testUsingDataProvider" time="13.453" classname="demoTest.TestPage"/>
  <testcase name="testUsingDataProvider" time="13.382" classname="demoTest.TestPage"/>
  <testcase name="testUsingDataProviderExcel" time="0.0" classname="demoTest.TestPage">
    <ignored/>
  </testcase> <!-- testUsingDataProviderExcel -->
  <testcase name="testCal" time="0.0" classname="demoTest.TestPage">
    <ignored/>
  </testcase> <!-- testCal -->
</testsuite> <!-- test1 -->
