<?xml version="1.0" encoding="UTF-8"?>
<testng-results skipped="0" failed="0" ignored="2" total="8" passed="6">
  <reporter-output>
  </reporter-output>
  <suite name="Suite1" duration-ms="88033" started-at="2017-02-22T15:46:27Z" finished-at="2017-02-22T15:47:55Z">
    <groups>
    </groups>
    <test name="test1" duration-ms="88033" started-at="2017-02-22T15:46:27Z" finished-at="2017-02-22T15:47:55Z">
      <class name="demoTest.TestPage">
        <test-method status="PASS" signature="websetup()[pri:0, instance:demoTest.TestPage@3796751b]" name="websetup" is-config="true" duration-ms="2" started-at="2017-02-22T21:16:27Z" finished-at="2017-02-22T21:16:27Z">
          <reporter-output>
          </reporter-output>
        </test-method> <!-- websetup -->
        <test-method status="PASS" signature="testLogin()[pri:0, instance:demoTest.TestPage@3796751b]" name="testLogin" duration-ms="13324" started-at="2017-02-22T21:16:27Z" finished-at="2017-02-22T21:16:40Z">
          <reporter-output>
          </reporter-output>
        </test-method> <!-- testLogin -->
        <test-method status="PASS" signature="testUsingDataProvider(java.lang.String, java.lang.String)[pri:0, instance:demoTest.TestPage@3796751b]" name="testUsingDataProvider" duration-ms="12176" started-at="2017-02-22T21:16:40Z" data-provider="DirectAuthentication" finished-at="2017-02-22T21:16:52Z">
          <params>
            <param index="0">
              <value>
                <![CDATA[abhishek.verma02@snapdeal.com]]>
              </value>
            </param>
            <param index="1">
              <value>
                <![CDATA[Jan@2017]]>
              </value>
            </param>
          </params>
          <reporter-output>
          </reporter-output>
        </test-method> <!-- testUsingDataProvider -->
        <test-method status="PASS" signature="testUsingDataProvider(java.lang.String, java.lang.String)[pri:0, instance:demoTest.TestPage@3796751b]" name="testUsingDataProvider" duration-ms="12682" started-at="2017-02-22T21:16:52Z" data-provider="DirectAuthentication" finished-at="2017-02-22T21:17:05Z">
          <params>
            <param index="0">
              <value>
                <![CDATA[test@snapdeal.com]]>
              </value>
            </param>
            <param index="1">
              <value>
                <![CDATA[Test@123]]>
              </value>
            </param>
          </params>
          <reporter-output>
          </reporter-output>
        </test-method> <!-- testUsingDataProvider -->
        <test-method status="PASS" signature="testUsingDataProvider(java.lang.String, java.lang.String)[pri:0, instance:demoTest.TestPage@3796751b]" name="testUsingDataProvider" duration-ms="12511" started-at="2017-02-22T21:17:05Z" data-provider="DirectAuthentication" finished-at="2017-02-22T21:17:17Z">
          <params>
            <param index="0">
              <value>
                <![CDATA[abhishek.verma07@snapdeal.com]]>
              </value>
            </param>
            <param index="1">
              <value>
                <![CDATA[Jan@2017]]>
              </value>
            </param>
          </params>
          <reporter-output>
          </reporter-output>
        </test-method> <!-- testUsingDataProvider -->
        <test-method status="PASS" signature="testUsingDataProvider(java.lang.String, java.lang.String)[pri:0, instance:demoTest.TestPage@3796751b]" name="testUsingDataProvider" duration-ms="13453" started-at="2017-02-22T21:17:17Z" data-provider="DirectAuthentication" finished-at="2017-02-22T21:17:31Z">
          <params>
            <param index="0">
              <value>
                <![CDATA[abhishek.verma04@snapdeal.com]]>
              </value>
            </param>
            <param index="1">
              <value>
                <![CDATA[Jan@2017]]>
              </value>
            </param>
          </params>
          <reporter-output>
          </reporter-output>
        </test-method> <!-- testUsingDataProvider -->
        <test-method status="PASS" signature="testUsingDataProvider(java.lang.String, java.lang.String)[pri:0, instance:demoTest.TestPage@3796751b]" name="testUsingDataProvider" duration-ms="13382" started-at="2017-02-22T21:17:31Z" data-provider="DirectAuthentication" finished-at="2017-02-22T21:17:44Z">
          <params>
            <param index="0">
              <value>
                <![CDATA[abhishek.verma03@snapdeal.com]]>
              </value>
            </param>
            <param index="1">
              <value>
                <![CDATA[Jan@2017]]>
              </value>
            </param>
          </params>
          <reporter-output>
          </reporter-output>
        </test-method> <!-- testUsingDataProvider -->
        <test-method status="PASS" signature="teardown()[pri:0, instance:demoTest.TestPage@3796751b]" name="teardown" is-config="true" duration-ms="10439" started-at="2017-02-22T21:17:44Z" finished-at="2017-02-22T21:17:55Z">
          <reporter-output>
          </reporter-output>
        </test-method> <!-- teardown -->
      </class> <!-- demoTest.TestPage -->
    </test> <!-- test1 -->
  </suite> <!-- Suite1 -->
</testng-results>
